<?xml version="1.0" encoding="UTF-8"?>
<!-- Generated by org.testng.reporters.JUnitXMLReporter -->
<testsuite hostname="RSI1594" ignored="0" name="Automacao utilizando TDD" tests="6" failures="1" timestamp="24 Jan 2020 18:17:03 GMT" time="77.666" errors="0">
  <testcase name="deveCadastrarUsuarioNovoTest" time="3.147" classname="br.com.rsinet.hub_tdd.test.CadastraUsuarioTest">
    <failure type="java.lang.AssertionError" message="expected [] but found [johnata10]">
      <![CDATA[java.lang.AssertionError: expected [] but found [johnata10]
at br.com.rsinet.hub_tdd.test.CadastraUsuarioTest.deveCadastrarUsuarioNovoTest(CadastraUsuarioTest.java:73)
... Removed 31 stack frames]]>
    </failure>
  </testcase> <!-- deveCadastrarUsuarioNovoTest -->
  <testcase name="deveValidarCamposObrigatorioDoCadastroTest" time="1.679" classname="br.com.rsinet.hub_tdd.test.CadastraUsuarioTest"/>
  <testcase name="procuraProdutoExistentePelaLupaDePesquisa" time="1.182" classname="br.com.rsinet.hub_tdd.test.FiltraProdutoTest"/>
  <testcase name="procuraProdutoInexistentePelaLupaDePesquisa" time="1.253" classname="br.com.rsinet.hub_tdd.test.FiltraProdutoTest"/>
  <testcase name="deveProcurarProdutoPorHomePage" time="1.139" classname="br.com.rsinet.hub_tdd.test.PesquisaProdutoTest"/>
  <testcase name="naoDeveAddMaisDezProdutoNoCarrinhoDeCompras" time="1.204" classname="br.com.rsinet.hub_tdd.test.PesquisaProdutoTest"/>
</testsuite> <!-- Automacao utilizando TDD -->
