<?xml version="1.0" encoding="UTF-8"?>
<!-- Generated by org.testng.reporters.JUnitXMLReporter -->
<testsuite hostname="RSI1594" ignored="0" name="Automacao utilizando TDD" tests="6" failures="1" timestamp="23 Jan 2020 19:33:23 GMT" time="76.733" errors="0">
  <testcase name="deveCadastrarUsuarioNovoTest" time="3.125" classname="br.com.rsinet.hub_tdd.test.CadastraUsuarioTest">
    <failure type="java.lang.AssertionError" message="expected [] but found [john1129]">
      <![CDATA[java.lang.AssertionError: expected [] but found [john1129]
at br.com.rsinet.hub_tdd.test.CadastraUsuarioTest.deveCadastrarUsuarioNovoTest(CadastraUsuarioTest.java:73)
... Removed 31 stack frames]]>
    </failure>
  </testcase> <!-- deveCadastrarUsuarioNovoTest -->
  <testcase name="deveValidarCamposObrigatorioDoCadastroTest" time="1.701" classname="br.com.rsinet.hub_tdd.test.CadastraUsuarioTest"/>
  <testcase name="procuraProdutoExistentePelaLupaDePesquisa" time="1.104" classname="br.com.rsinet.hub_tdd.test.FiltraProdutoTest"/>
  <testcase name="procuraProdutoInexistentePelaLupaDePesquisa" time="1.273" classname="br.com.rsinet.hub_tdd.test.FiltraProdutoTest"/>
  <testcase name="deveProcurarProdutoPorHomePage" time="0.867" classname="br.com.rsinet.hub_tdd.test.PesquisaProdutoTest"/>
  <testcase name="naoDeveAddMaisDezProdutoNoCarrinhoDeCompras" time="1.046" classname="br.com.rsinet.hub_tdd.test.PesquisaProdutoTest"/>
</testsuite> <!-- Automacao utilizando TDD -->
