<?xml version="1.0" encoding="UTF-8"?>
<!-- Generated by org.testng.reporters.JUnitXMLReporter -->
<testsuite hostname="RSI1594" ignored="1" name="Default test" tests="1" failures="0" timestamp="15 jan 2020 13:35:15 GMT" time="16.29" errors="0">
  <testcase name="deveCadastrarUsuarioNovoTest" time="3.818" classname="br.com.rsinet.hub_tdd.test.CadastraUsuarioTest"/>
  <testcase name="deveValidarCamposObrigatorioDoCadastroTest" time="0.0" classname="br.com.rsinet.hub_tdd.test.CadastraUsuarioTest">
    <ignored/>
  </testcase> <!-- deveValidarCamposObrigatorioDoCadastroTest -->
</testsuite> <!-- Default test -->
