<?xml version="1.0" encoding="UTF-8"?>
<!-- Generated by org.testng.reporters.JUnitXMLReporter -->
<testsuite hostname="RSI1594" ignored="0" name="Default test" tests="2" failures="0" timestamp="16 Jan 2020 19:33:22 GMT" time="29.77" errors="0">
  <testcase name="deveCadastrarUsuarioNovoTest" time="3.257" classname="br.com.rsinet.hub_tdd.test.CadastraUsuarioTest"/>
  <testcase name="deveValidarCamposObrigatorioDoCadastroTest" time="1.812" classname="br.com.rsinet.hub_tdd.test.CadastraUsuarioTest"/>
</testsuite> <!-- Default test -->
